<?xml version="1.0" encoding="UTF-8"?><testsuite name="nosetests" tests="2" errors="2" failures="0" skip="0"><testcase classname="nose.failure.Failure" name="runTest" time="0.001"><error type="django.core.exceptions.ImproperlyConfigured" message="Requested setting AUTH_USER_MODEL, but settings are not configured. You must either define the environment variable DJANGO_SETTINGS_MODULE or call settings.configure() before accessing settings."><![CDATA[Traceback (most recent call last):
  File "/usr/lib/python3.8/unittest/case.py", line 60, in testPartExecutor
    yield
  File "/usr/lib/python3.8/unittest/case.py", line 676, in run
    self._callTestMethod(testMethod)
  File "/usr/lib/python3.8/unittest/case.py", line 633, in _callTestMethod
    method()
  File "/home/denis/Dev/hw03_forms/venv/lib/python3.8/site-packages/nose/failure.py", line 39, in runTest
    raise self.exc_val.with_traceback(self.tb)
  File "/home/denis/Dev/hw03_forms/venv/lib/python3.8/site-packages/nose/loader.py", line 417, in loadTestsFromName
    module = self.importer.importFromPath(
  File "/home/denis/Dev/hw03_forms/venv/lib/python3.8/site-packages/nose/importer.py", line 47, in importFromPath
    return self.importFromDir(dir_path, fqname)
  File "/home/denis/Dev/hw03_forms/venv/lib/python3.8/site-packages/nose/importer.py", line 94, in importFromDir
    mod = load_module(part_fqname, fh, filename, desc)
  File "/usr/lib/python3.8/imp.py", line 234, in load_module
    return load_source(name, filename, file)
  File "/usr/lib/python3.8/imp.py", line 171, in load_source
    module = _load(spec)
  File "<frozen importlib._bootstrap>", line 702, in _load
  File "<frozen importlib._bootstrap>", line 671, in _load_unlocked
  File "<frozen importlib._bootstrap_external>", line 783, in exec_module
  File "<frozen importlib._bootstrap>", line 219, in _call_with_frames_removed
  File "/home/denis/Dev/hw03_forms/tests/test_homework.py", line 9, in <module>
    from posts.models import Post
  File "/home/denis/Dev/hw03_forms/posts/models.py", line 5, in <module>
    User = get_user_model()
  File "/home/denis/Dev/hw03_forms/venv/lib/python3.8/site-packages/django/contrib/auth/__init__.py", line 165, in get_user_model
    return django_apps.get_model(settings.AUTH_USER_MODEL, require_ready=False)
  File "/home/denis/Dev/hw03_forms/venv/lib/python3.8/site-packages/django/conf/__init__.py", line 79, in __getattr__
    self._setup(name)
  File "/home/denis/Dev/hw03_forms/venv/lib/python3.8/site-packages/django/conf/__init__.py", line 60, in _setup
    raise ImproperlyConfigured(
django.core.exceptions.ImproperlyConfigured: Requested setting AUTH_USER_MODEL, but settings are not configured. You must either define the environment variable DJANGO_SETTINGS_MODULE or call settings.configure() before accessing settings.
]]></error></testcase><testcase classname="nose.failure.Failure" name="runTest" time="0.001"><error type="django.core.exceptions.ImproperlyConfigured" message="Requested setting AUTH_USER_MODEL, but settings are not configured. You must either define the environment variable DJANGO_SETTINGS_MODULE or call settings.configure() before accessing settings."><![CDATA[Traceback (most recent call last):
  File "/usr/lib/python3.8/unittest/case.py", line 60, in testPartExecutor
    yield
  File "/usr/lib/python3.8/unittest/case.py", line 676, in run
    self._callTestMethod(testMethod)
  File "/usr/lib/python3.8/unittest/case.py", line 633, in _callTestMethod
    method()
  File "/home/denis/Dev/hw03_forms/venv/lib/python3.8/site-packages/nose/failure.py", line 39, in runTest
    raise self.exc_val.with_traceback(self.tb)
  File "/home/denis/Dev/hw03_forms/venv/lib/python3.8/site-packages/nose/loader.py", line 417, in loadTestsFromName
    module = self.importer.importFromPath(
  File "/home/denis/Dev/hw03_forms/venv/lib/python3.8/site-packages/nose/importer.py", line 47, in importFromPath
    return self.importFromDir(dir_path, fqname)
  File "/home/denis/Dev/hw03_forms/venv/lib/python3.8/site-packages/nose/importer.py", line 94, in importFromDir
    mod = load_module(part_fqname, fh, filename, desc)
  File "/usr/lib/python3.8/imp.py", line 234, in load_module
    return load_source(name, filename, file)
  File "/usr/lib/python3.8/imp.py", line 171, in load_source
    module = _load(spec)
  File "<frozen importlib._bootstrap>", line 702, in _load
  File "<frozen importlib._bootstrap>", line 671, in _load_unlocked
  File "<frozen importlib._bootstrap_external>", line 783, in exec_module
  File "<frozen importlib._bootstrap>", line 219, in _call_with_frames_removed
  File "/home/denis/Dev/hw03_forms/tests/test_new.py", line 4, in <module>
    from posts.models import Post
  File "/home/denis/Dev/hw03_forms/posts/models.py", line 5, in <module>
    User = get_user_model()
  File "/home/denis/Dev/hw03_forms/venv/lib/python3.8/site-packages/django/contrib/auth/__init__.py", line 165, in get_user_model
    return django_apps.get_model(settings.AUTH_USER_MODEL, require_ready=False)
  File "/home/denis/Dev/hw03_forms/venv/lib/python3.8/site-packages/django/conf/__init__.py", line 79, in __getattr__
    self._setup(name)
  File "/home/denis/Dev/hw03_forms/venv/lib/python3.8/site-packages/django/conf/__init__.py", line 60, in _setup
    raise ImproperlyConfigured(
django.core.exceptions.ImproperlyConfigured: Requested setting AUTH_USER_MODEL, but settings are not configured. You must either define the environment variable DJANGO_SETTINGS_MODULE or call settings.configure() before accessing settings.
]]></error></testcase></testsuite>